<?xml version="1.0" encoding="UTF-8" ?>
<testsuite tests="6" failures="0" name="uk.co.oldnicksoftware.crudycucumber.TestFeatureRunner" time="0.001" errors="0" skipped="0">
  <properties>
[...]
</properties>
  <testcase classname="Given I have a \&quot;Show Manager\&quot; Application   " name="Given I have a \&quot;Show Manager\&quot; Application   " time="0.001"/>
  <testcase classname="When I click the \&quot;Help|About\&quot; menu    " name="When I click the \&quot;Help|About\&quot; menu    " time="0"/>
  <testcase classname="Then the \&quot;About\&quot; Dialog is displayed     " name="Then the \&quot;About\&quot; Dialog is displayed     " time="0"/>
  <testcase classname="When I click the \&quot;About\&quot; close button      " name="When I click the \&quot;About\&quot; close button      " time="0"/>
  <testcase classname="Then the \&quot;About\&quot; Dialog is hidden       " name="Then the \&quot;About\&quot; Dialog is hidden       " time="0"/>
  <testcase classname="Scenario: Show and Hide the About Box  " name="Scenario: Show and Hide the About Box  " time="0"/>
</testsuite>